#
# A fatal error has been detected by the Java Runtime Environment:
#
#  EXCEPTION_ACCESS_VIOLATION (0xc0000005) at pc=0x00007ff92d569c95, pid=1276, tid=2712
#
# JRE version: OpenJDK Runtime Environment (11.0.10) (build 11.0.10+0-b96-7249189)
# Java VM: OpenJDK 64-Bit Server VM (11.0.10+0-b96-7249189, mixed mode, tiered, compressed oops, g1 gc, windows-amd64)
# Problematic frame:
# V  [jvm.dll+0x619c95]
#
# No core dump will be written. Minidumps are not enabled by default on client versions of Windows
#
# If you would like to submit a bug report, please visit:
#   https://bugreport.java.com/bugreport/crash.jsp
#

---------------  S U M M A R Y ------------

Command Line: org.jetbrains.kotlin.cli.jvm.K2JVMCompiler @F:\StreetCourts\app\build\20211231_5481138759015641014.compiler.options

Host: Intel(R) Core(TM) i5-2500K CPU @ 3.30GHz, 4 cores, 11G,  Windows 10 , 64 bit Build 19041 (10.0.19041.1348)
Time: Fri Dec 31 12:08:25 2021 Central European Standard Time elapsed time: 5.306614 seconds (0d 0h 0m 5s)

---------------  T H R E A D  ---------------

Current thread (0x000002aa646f2800):  JavaThread "C2 CompilerThread0" daemon [_thread_in_native, id=2712, stack(0x000000f2bcf00000,0x000000f2bd000000)]


Current CompileTask:
C2:   5306 6070       4       org.jetbrains.kotlin.load.java.lazy.descriptors.JvmPackageScope::getContributedClassifier (142 bytes)

Stack: [0x000000f2bcf00000,0x000000f2bd000000],  sp=0x000000f2bcffb9f0,  free space=1006k
Native frames: (J=compiled Java code, j=interpreted, Vv=VM code, C=native code)
V  [jvm.dll+0x619c95]
V  [jvm.dll+0x204476]
V  [jvm.dll+0x1fc692]
V  [jvm.dll+0x1fa77f]
V  [jvm.dll+0x18354c]
V  [jvm.dll+0x208ee7]
V  [jvm.dll+0x207731]
V  [jvm.dll+0x6eb1cf]
V  [jvm.dll+0x6e3d45]
V  [jvm.dll+0x5ebe96]
C  [ucrtbase.dll+0x21bb2]
C  [KERNEL32.DLL+0x17034]
C  [ntdll.dll+0x52651]


siginfo: EXCEPTION_ACCESS_VIOLATION (0xc0000005), reading address 0x000002aa24745bb0


Register to memory mapping:

RIP=0x00007ff92d569c95 jvm.dll
RAX=0x000002aa69fad020 points into unknown readable memory: 0x000002aa64745840 | 40 58 74 64 aa 02 00 00
RBX=0x0000000000002f82 is an unknown value
RCX=0x000002aa24745bb0 is an unknown value
RDX=0x000002aa65b6ee70 points into unknown readable memory: 0x000000007fffffff | ff ff ff 7f 00 00 00 00
RSP=0x000000f2bcffb9f0 is pointing into the stack for thread: 0x000002aa646f2800
RBP=0x000002aa64745c20 points into unknown readable memory: 0x00007ff92d7ccec8 | c8 ce 7c 2d f9 7f 00 00
RSI=0x000000000000000c is an unknown value
RDI=0x000000f2bcffc6a0 is pointing into the stack for thread: 0x000002aa646f2800
R8 =0x000000f2bcffea88 is pointing into the stack for thread: 0x000002aa646f2800
R9 =0x0 is NULL
R10=0x000002aa6a12e000 points into unknown readable memory: 0x000002aa6488d1f0 | f0 d1 88 64 aa 02 00 00
R11=0x000002aa6649e790 points into unknown readable memory: 0x000002aa663029a0 | a0 29 30 66 aa 02 00 00
R12=0x00000000000018a3 is an unknown value
R13=0x000000f2bcffc6a0 is pointing into the stack for thread: 0x000002aa646f2800
R14=0x0000000000017c10 is an unknown value
R15=0x0 is NULL


Registers:
RAX=0x000002aa69fad020, RBX=0x0000000000002f82, RCX=0x000002aa24745bb0, RDX=0x000002aa65b6ee70
RSP=0x000000f2bcffb9f0, RBP=0x000002aa64745c20, RSI=0x000000000000000c, RDI=0x000000f2bcffc6a0
R8 =0x000000f2bcffea88, R9 =0x0000000000000000, R10=0x000002aa6a12e000, R11=0x000002aa6649e790
R12=0x00000000000018a3, R13=0x000000f2bcffc6a0, R14=0x0000000000017c10, R15=0x0000000000000000
RIP=0x00007ff92d569c95, EFLAGS=0x0000000000010202

Top of Stack: (sp=0x000000f2bcffb9f0)
0x000000f2bcffb9f0:   0000000000002f64 000000000000000c
0x000000f2bcffba00:   000002aa6488f170 00007ff97fffffff
0x000000f2bcffba10:   00000000000018a2 00007ff92d154476
0x000000f2bcffba20:   000000f2bcffbaa0 000000000000000c
0x000000f2bcffba30:   000002aa665ca018 000002aa665164a8
0x000000f2bcffba40:   000002aa63e3e0d0 00007ff900002000
0x000000f2bcffba50:   000002aa66496790 00000000000018a3
0x000000f2bcffba60:   00007ff92d7bde48 000002aa63e3e0d0
0x000000f2bcffba70:   000000f200000200 000002aa665c6660
0x000000f2bcffba80:   0000000000000000 00007ff92d1541bd
0x000000f2bcffba90:   000000f2bcffe7e0 000002aa665ca018
0x000000f2bcffbaa0:   000002aa646a6e88 000000f2bcffe7e0
0x000000f2bcffbab0:   000000f2bcffbbc0 00007ff92d14c692
0x000000f2bcffbac0:   00007ff92d75cde0 0000000000000000
0x000000f2bcffbad0:   000000f20000000c 000002aa63e3e0d0
0x000000f2bcffbae0:   000002aa69153a00 0000000000000000 

Instructions: (pc=0x00007ff92d569c95)
0x00007ff92d569b95:   c0 e8 03 a8 01 74 0c 48 8b 4d 10 48 8b d6 e8 d8
0x00007ff92d569ba5:   db b6 ff 66 85 7e 30 74 16 48 8b 46 08 48 83 38
0x00007ff92d569bb5:   00 74 0c 48 8b 4d 10 48 8b d6 e8 dc a2 be ff 8b
0x00007ff92d569bc5:   46 2c 83 e0 3f 3c 34 75 12 80 7e 48 00 74 0c 48
0x00007ff92d569bd5:   8b 4d 10 48 8b d6 e8 40 a4 be ff 48 8b 06 48 8b
0x00007ff92d569be5:   ce ff 10 3d dd 00 00 00 75 0c 48 8b 4d 10 48 8b
0x00007ff92d569bf5:   d6 e8 65 a3 be ff 48 8b 05 8e 44 3d 00 48 8b d6
0x00007ff92d569c05:   48 8b 48 28 48 8b 01 ff 90 b0 00 00 00 49 8b 46
0x00007ff92d569c15:   10 bf 00 40 00 00 41 bf 00 00 00 00 49 39 06 0f
0x00007ff92d569c25:   83 96 fc ff ff 4c 8b 6c 24 20 4c 8b 64 24 60 48
0x00007ff92d569c35:   8b 7c 24 58 48 8b 74 24 50 48 83 c4 28 41 5f 41
0x00007ff92d569c45:   5e 5d 5b c3 cc cc cc cc cc cc cc 48 89 5c 24 20
0x00007ff92d569c55:   57 48 83 ec 20 33 db 48 8b f9 39 59 48 76 6b 48
0x00007ff92d569c65:   89 6c 24 30 48 89 74 24 38 4c 89 74 24 40 0f 1f
0x00007ff92d569c75:   40 00 66 0f 1f 84 00 00 00 00 00 48 8b 47 50 4c
0x00007ff92d569c85:   8d 34 dd 00 00 00 00 49 8b 0c 06 48 85 c9 74 24
0x00007ff92d569c95:   48 8b 01 ff 90 80 00 00 00 48 8b e8 3b 5f 48 72
0x00007ff92d569ca5:   0b 8b d3 48 8d 4f 40 e8 0f 27 fb ff 48 8b 4f 50
0x00007ff92d569cb5:   49 89 2c 0e ff c3 3b 5f 48 72 c0 4c 8b 74 24 40
0x00007ff92d569cc5:   48 8b 74 24 38 48 8b 6c 24 30 48 8b 5c 24 48 48
0x00007ff92d569cd5:   83 c4 20 5f c3 cc cc cc cc cc cc 48 89 5c 24 10
0x00007ff92d569ce5:   48 89 74 24 18 48 89 7c 24 20 8b 41 08 48 8b f2
0x00007ff92d569cf5:   48 8b 59 20 48 8b f9 85 c0 74 56 45 33 c9 44 8b
0x00007ff92d569d05:   d8 66 66 0f 1f 84 00 00 00 00 00 4c 8b 57 18 4b
0x00007ff92d569d15:   8b 04 0a 48 85 c0 74 2f 48 3b c3 74 2a 8b 48 28
0x00007ff92d569d25:   8b c1 c1 e8 05 3b 46 10 73 19 44 8b c0 83 e1 1f
0x00007ff92d569d35:   48 8b 46 18 ba 01 00 00 00 d3 e2 42 8b 04 80 23
0x00007ff92d569d45:   c2 75 04 4b 89 1c 0a 49 83 c1 08 49 83 eb 01 75
0x00007ff92d569d55:   ba 48 8b 5c 24 10 48 8b 74 24 18 48 8b 7c 24 20
0x00007ff92d569d65:   c3 cc cc cc cc cc cc cc cc cc cc 48 89 5c 24 20
0x00007ff92d569d75:   41 54 41 56 41 57 48 83 ec 20 4c 8b 61 10 48 8b
0x00007ff92d569d85:   da 44 8b 71 20 4c 8b f9 49 ff ce 4f 8d 34 f4 4d 


Stack slot to memory mapping:
stack at sp + 0 slots: 0x0000000000002f64 is an unknown value
stack at sp + 1 slots: 0x000000000000000c is an unknown value
stack at sp + 2 slots: 0x000002aa6488f170 points into unknown readable memory: 0x000000f2bcffea88 | 88 ea ff bc f2 00 00 00
stack at sp + 3 slots: 0x00007ff97fffffff SHELL32.dll
stack at sp + 4 slots: 0x00000000000018a2 is an unknown value
stack at sp + 5 slots: 0x00007ff92d154476 jvm.dll
stack at sp + 6 slots: 0x000000f2bcffbaa0 is pointing into the stack for thread: 0x000002aa646f2800
stack at sp + 7 slots: 0x000000000000000c is an unknown value


---------------  P R O C E S S  ---------------

Threads class SMR info:
_java_thread_list=0x000002aa65ee01e0, length=11, elements={
0x000002aa45d39800, 0x000002aa64668000, 0x000002aa64689000, 0x000002aa646a7800,
0x000002aa646a9800, 0x000002aa646aa800, 0x000002aa646f2800, 0x000002aa646f4000,
0x000002aa646f5000, 0x000002aa64868000, 0x000002aa663e8000
}

Java Threads: ( => current thread )
  0x000002aa45d39800 JavaThread "main" [_thread_in_Java, id=13008, stack(0x000000f2bc300000,0x000000f2bc400000)]
  0x000002aa64668000 JavaThread "Reference Handler" daemon [_thread_blocked, id=3528, stack(0x000000f2bca00000,0x000000f2bcb00000)]
  0x000002aa64689000 JavaThread "Finalizer" daemon [_thread_blocked, id=3608, stack(0x000000f2bcb00000,0x000000f2bcc00000)]
  0x000002aa646a7800 JavaThread "Signal Dispatcher" daemon [_thread_blocked, id=688, stack(0x000000f2bcc00000,0x000000f2bcd00000)]
  0x000002aa646a9800 JavaThread "Attach Listener" daemon [_thread_blocked, id=9144, stack(0x000000f2bcd00000,0x000000f2bce00000)]
  0x000002aa646aa800 JavaThread "Service Thread" daemon [_thread_blocked, id=1572, stack(0x000000f2bce00000,0x000000f2bcf00000)]
=>0x000002aa646f2800 JavaThread "C2 CompilerThread0" daemon [_thread_in_native, id=2712, stack(0x000000f2bcf00000,0x000000f2bd000000)]
  0x000002aa646f4000 JavaThread "C1 CompilerThread0" daemon [_thread_blocked, id=7508, stack(0x000000f2bd000000,0x000000f2bd100000)]
  0x000002aa646f5000 JavaThread "Sweeper thread" daemon [_thread_blocked, id=6196, stack(0x000000f2bd100000,0x000000f2bd200000)]
  0x000002aa64868000 JavaThread "Common-Cleaner" daemon [_thread_blocked, id=10132, stack(0x000000f2bd300000,0x000000f2bd400000)]
  0x000002aa663e8000 JavaThread "C2 CompilerThread1" daemon [_thread_in_native, id=9224, stack(0x000000f2bd400000,0x000000f2bd500000)]

Other Threads:
  0x000002aa64664000 VMThread "VM Thread" [stack: 0x000000f2bc900000,0x000000f2bca00000] [id=1144]
  0x000002aa6485f800 WatcherThread [stack: 0x000000f2bd200000,0x000000f2bd300000] [id=6180]
  0x000002aa45d53000 GCTaskThread "GC Thread#0" [stack: 0x000000f2bc400000,0x000000f2bc500000] [id=13036]
  0x000002aa64d41800 GCTaskThread "GC Thread#1" [stack: 0x000000f2bd500000,0x000000f2bd600000] [id=9552]
  0x000002aa64ce1800 GCTaskThread "GC Thread#2" [stack: 0x000000f2bd600000,0x000000f2bd700000] [id=7292]
  0x000002aa64e7f800 GCTaskThread "GC Thread#3" [stack: 0x000000f2bd700000,0x000000f2bd800000] [id=4368]
  0x000002aa45d98800 ConcurrentGCThread "G1 Main Marker" [stack: 0x000000f2bc500000,0x000000f2bc600000] [id=14248]
  0x000002aa45d9a000 ConcurrentGCThread "G1 Conc#0" [stack: 0x000000f2bc600000,0x000000f2bc700000] [id=8332]
  0x000002aa63cc5800 ConcurrentGCThread "G1 Refine#0" [stack: 0x000000f2bc700000,0x000000f2bc800000] [id=2248]
  0x000002aa63cc6800 ConcurrentGCThread "G1 Young RemSet Sampling" [stack: 0x000000f2bc800000,0x000000f2bc900000] [id=10116]

Threads with active compile tasks:
C2 CompilerThread0   5343 6070       4       org.jetbrains.kotlin.load.java.lazy.descriptors.JvmPackageScope::getContributedClassifier (142 bytes)
C2 CompilerThread1   5343 6202       4       org.jetbrains.kotlin.storage.StorageKt::getValue (19 bytes)

VM state:not at safepoint (normal execution)

VM Mutex/Monitor currently owned by a thread: None

Heap address: 0x0000000741600000, size: 3050 MB, Compressed Oops mode: Zero based, Oop shift amount: 3
Narrow klass base: 0x0000000800000000, Narrow klass shift: 0
Compressed class space size: 1073741824 Address: 0x0000000800000000

Heap:
 garbage-first heap   total 236544K, used 105227K [0x0000000741600000, 0x0000000800000000)
  region size 1024K, 71 young (72704K), 10 survivors (10240K)
 Metaspace       used 56198K, capacity 56946K, committed 57088K, reserved 1099776K
  class space    used 6364K, capacity 6639K, committed 6656K, reserved 1048576K
Heap Regions: E=young(eden), S=young(survivor), O=old, HS=humongous(starts), HC=humongous(continues), CS=collection set, F=free, A=archive, TAMS=top-at-mark-start (previous, next)
|   0|0x0000000741600000, 0x0000000741700000, 0x0000000741700000|100%|HS|  |TAMS 0x0000000741700000, 0x0000000741600000| Complete 
|   1|0x0000000741700000, 0x0000000741800000, 0x0000000741800000|100%|HC|  |TAMS 0x0000000741800000, 0x0000000741700000| Complete 
|   2|0x0000000741800000, 0x0000000741900000, 0x0000000741900000|100%|HC|  |TAMS 0x0000000741900000, 0x0000000741800000| Complete 
|   3|0x0000000741900000, 0x0000000741a00000, 0x0000000741a00000|100%| O|  |TAMS 0x0000000741a00000, 0x0000000741900000| Untracked 
|   4|0x0000000741a00000, 0x0000000741b00000, 0x0000000741b00000|100%| O|  |TAMS 0x0000000741b00000, 0x0000000741a00000| Untracked 
|   5|0x0000000741b00000, 0x0000000741c00000, 0x0000000741c00000|100%|HS|  |TAMS 0x0000000741c00000, 0x0000000741b00000| Complete 
|   6|0x0000000741c00000, 0x0000000741d00000, 0x0000000741d00000|100%|HC|  |TAMS 0x0000000741d00000, 0x0000000741c00000| Complete 
|   7|0x0000000741d00000, 0x0000000741e00000, 0x0000000741e00000|100%|HC|  |TAMS 0x0000000741e00000, 0x0000000741d00000| Complete 
|   8|0x0000000741e00000, 0x0000000741f00000, 0x0000000741f00000|100%|HS|  |TAMS 0x0000000741f00000, 0x0000000741e00000| Complete 
|   9|0x0000000741f00000, 0x0000000742000000, 0x0000000742000000|100%|HC|  |TAMS 0x0000000742000000, 0x0000000741f00000| Complete 
|  10|0x0000000742000000, 0x0000000742100000, 0x0000000742100000|100%|HC|  |TAMS 0x0000000742100000, 0x0000000742000000| Complete 
|  11|0x0000000742100000, 0x0000000742200000, 0x0000000742200000|100%| O|  |TAMS 0x0000000742100000, 0x0000000742100000| Untracked 
|  12|0x0000000742200000, 0x0000000742300000, 0x0000000742300000|100%| O|  |TAMS 0x0000000742300000, 0x0000000742200000| Untracked 
|  13|0x0000000742300000, 0x0000000742400000, 0x0000000742400000|100%| O|  |TAMS 0x0000000742400000, 0x0000000742300000| Untracked 
|  14|0x0000000742400000, 0x0000000742500000, 0x0000000742500000|100%| O|  |TAMS 0x0000000742500000, 0x0000000742400000| Untracked 
|  15|0x0000000742500000, 0x0000000742600000, 0x0000000742600000|100%| O|  |TAMS 0x0000000742600000, 0x0000000742500000| Untracked 
|  16|0x0000000742600000, 0x0000000742700000, 0x0000000742700000|100%| O|  |TAMS 0x0000000742700000, 0x0000000742600000| Untracked 
|  17|0x0000000742700000, 0x0000000742800000, 0x0000000742800000|100%| O|  |TAMS 0x0000000742800000, 0x0000000742700000| Untracked 
|  18|0x0000000742800000, 0x0000000742900000, 0x0000000742900000|100%|HS|  |TAMS 0x0000000742900000, 0x0000000742800000| Complete 
|  19|0x0000000742900000, 0x0000000742a00000, 0x0000000742a00000|100%|HC|  |TAMS 0x0000000742a00000, 0x0000000742900000| Complete 
|  20|0x0000000742a00000, 0x0000000742b00000, 0x0000000742b00000|100%| O|  |TAMS 0x0000000742b00000, 0x0000000742a00000| Untracked 
|  21|0x0000000742b00000, 0x0000000742c00000, 0x0000000742c00000|100%| O|  |TAMS 0x0000000742c00000, 0x0000000742b00000| Untracked 
|  22|0x0000000742c00000, 0x0000000742d00000, 0x0000000742d00000|100%| O|  |TAMS 0x0000000742d00000, 0x0000000742c00000| Untracked 
|  23|0x0000000742d00000, 0x0000000742e00000, 0x0000000742e00000|100%| O|  |TAMS 0x0000000742e00000, 0x0000000742d00000| Untracked 
|  24|0x0000000742e00000, 0x0000000742f00000, 0x0000000742f00000|100%| O|  |TAMS 0x0000000742f00000, 0x0000000742e00000| Untracked 
|  25|0x0000000742f00000, 0x0000000743000000, 0x0000000743000000|100%| O|  |TAMS 0x0000000743000000, 0x0000000742f00000| Untracked 
|  26|0x0000000743000000, 0x0000000743100000, 0x0000000743100000|100%| O|  |TAMS 0x0000000743000000, 0x0000000743000000| Untracked 
|  27|0x0000000743100000, 0x0000000743200000, 0x0000000743200000|100%| O|  |TAMS 0x0000000743100000, 0x0000000743100000| Untracked 
|  28|0x0000000743200000, 0x0000000743300000, 0x0000000743300000|100%| O|  |TAMS 0x0000000743200000, 0x0000000743200000| Untracked 
|  29|0x0000000743300000, 0x0000000743400000, 0x0000000743400000|100%| O|  |TAMS 0x0000000743300000, 0x0000000743300000| Untracked 
|  30|0x0000000743400000, 0x0000000743500000, 0x0000000743500000|100%| O|  |TAMS 0x0000000743400000, 0x0000000743400000| Untracked 
|  31|0x0000000743500000, 0x0000000743600000, 0x0000000743600000|100%| O|  |TAMS 0x0000000743500000, 0x0000000743500000| Untracked 
|  32|0x0000000743600000, 0x00000007436c2e00, 0x0000000743700000| 76%| O|  |TAMS 0x0000000743600000, 0x0000000743600000| Untracked 
|  33|0x0000000743700000, 0x0000000743700000, 0x0000000743800000|  0%| F|  |TAMS 0x0000000743700000, 0x0000000743700000| Untracked 
|  34|0x0000000743800000, 0x0000000743800000, 0x0000000743900000|  0%| F|  |TAMS 0x0000000743800000, 0x0000000743800000| Untracked 
|  35|0x0000000743900000, 0x0000000743900000, 0x0000000743a00000|  0%| F|  |TAMS 0x0000000743900000, 0x0000000743900000| Untracked 
|  36|0x0000000743a00000, 0x0000000743a00000, 0x0000000743b00000|  0%| F|  |TAMS 0x0000000743a00000, 0x0000000743a00000| Untracked 
|  37|0x0000000743b00000, 0x0000000743b00000, 0x0000000743c00000|  0%| F|  |TAMS 0x0000000743b00000, 0x0000000743b00000| Untracked 
|  38|0x0000000743c00000, 0x0000000743c00000, 0x0000000743d00000|  0%| F|  |TAMS 0x0000000743c00000, 0x0000000743c00000| Untracked 
|  39|0x0000000743d00000, 0x0000000743d00000, 0x0000000743e00000|  0%| F|  |TAMS 0x0000000743d00000, 0x0000000743d00000| Untracked 
|  40|0x0000000743e00000, 0x0000000743e00000, 0x0000000743f00000|  0%| F|  |TAMS 0x0000000743e00000, 0x0000000743e00000| Untracked 
|  41|0x0000000743f00000, 0x0000000743f00000, 0x0000000744000000|  0%| F|  |TAMS 0x0000000743f00000, 0x0000000743f00000| Untracked 
|  42|0x0000000744000000, 0x0000000744000000, 0x0000000744100000|  0%| F|  |TAMS 0x0000000744000000, 0x0000000744000000| Untracked 
|  43|0x0000000744100000, 0x0000000744100000, 0x0000000744200000|  0%| F|  |TAMS 0x0000000744100000, 0x0000000744100000| Untracked 
|  44|0x0000000744200000, 0x0000000744200000, 0x0000000744300000|  0%| F|  |TAMS 0x0000000744200000, 0x0000000744200000| Untracked 
|  45|0x0000000744300000, 0x0000000744300000, 0x0000000744400000|  0%| F|  |TAMS 0x0000000744300000, 0x0000000744300000| Untracked 
|  46|0x0000000744400000, 0x0000000744400000, 0x0000000744500000|  0%| F|  |TAMS 0x0000000744400000, 0x0000000744400000| Untracked 
|  47|0x0000000744500000, 0x0000000744500000, 0x0000000744600000|  0%| F|  |TAMS 0x0000000744500000, 0x0000000744500000| Untracked 
|  48|0x0000000744600000, 0x0000000744600000, 0x0000000744700000|  0%| F|  |TAMS 0x0000000744600000, 0x0000000744600000| Untracked 
|  49|0x0000000744700000, 0x0000000744700000, 0x0000000744800000|  0%| F|  |TAMS 0x0000000744700000, 0x0000000744700000| Untracked 
|  50|0x0000000744800000, 0x0000000744800000, 0x0000000744900000|  0%| F|  |TAMS 0x0000000744800000, 0x0000000744800000| Untracked 
|  51|0x0000000744900000, 0x0000000744900000, 0x0000000744a00000|  0%| F|  |TAMS 0x0000000744900000, 0x0000000744900000| Untracked 
|  52|0x0000000744a00000, 0x0000000744a00000, 0x0000000744b00000|  0%| F|  |TAMS 0x0000000744a00000, 0x0000000744a00000| Untracked 
|  53|0x0000000744b00000, 0x0000000744b00000, 0x0000000744c00000|  0%| F|  |TAMS 0x0000000744b00000, 0x0000000744b00000| Untracked 
|  54|0x0000000744c00000, 0x0000000744c00000, 0x0000000744d00000|  0%| F|  |TAMS 0x0000000744c00000, 0x0000000744c00000| Untracked 
|  55|0x0000000744d00000, 0x0000000744d00000, 0x0000000744e00000|  0%| F|  |TAMS 0x0000000744d00000, 0x0000000744d00000| Untracked 
|  56|0x0000000744e00000, 0x0000000744e00000, 0x0000000744f00000|  0%| F|  |TAMS 0x0000000744e00000, 0x0000000744e00000| Untracked 
|  57|0x0000000744f00000, 0x0000000744f00000, 0x0000000745000000|  0%| F|  |TAMS 0x0000000744f00000, 0x0000000744f00000| Untracked 
|  58|0x0000000745000000, 0x0000000745000000, 0x0000000745100000|  0%| F|  |TAMS 0x0000000745000000, 0x0000000745000000| Untracked 
|  59|0x0000000745100000, 0x0000000745100000, 0x0000000745200000|  0%| F|  |TAMS 0x0000000745100000, 0x0000000745100000| Untracked 
|  60|0x0000000745200000, 0x0000000745200000, 0x0000000745300000|  0%| F|  |TAMS 0x0000000745200000, 0x0000000745200000| Untracked 
|  61|0x0000000745300000, 0x0000000745300000, 0x0000000745400000|  0%| F|  |TAMS 0x0000000745300000, 0x0000000745300000| Untracked 
|  62|0x0000000745400000, 0x0000000745400000, 0x0000000745500000|  0%| F|  |TAMS 0x0000000745400000, 0x0000000745400000| Untracked 
|  63|0x0000000745500000, 0x0000000745500000, 0x0000000745600000|  0%| F|  |TAMS 0x0000000745500000, 0x0000000745500000| Untracked 
|  64|0x0000000745600000, 0x0000000745600000, 0x0000000745700000|  0%| F|  |TAMS 0x0000000745600000, 0x0000000745600000| Untracked 
|  65|0x0000000745700000, 0x0000000745700000, 0x0000000745800000|  0%| F|  |TAMS 0x0000000745700000, 0x0000000745700000| Untracked 
|  66|0x0000000745800000, 0x0000000745800000, 0x0000000745900000|  0%| F|  |TAMS 0x0000000745800000, 0x0000000745800000| Untracked 
|  67|0x0000000745900000, 0x0000000745900000, 0x0000000745a00000|  0%| F|  |TAMS 0x0000000745900000, 0x0000000745900000| Untracked 
|  68|0x0000000745a00000, 0x0000000745a00000, 0x0000000745b00000|  0%| F|  |TAMS 0x0000000745a00000, 0x0000000745a00000| Untracked 
|  69|0x0000000745b00000, 0x0000000745b00000, 0x0000000745c00000|  0%| F|  |TAMS 0x0000000745b00000, 0x0000000745b00000| Untracked 
|  70|0x0000000745c00000, 0x0000000745c00000, 0x0000000745d00000|  0%| F|  |TAMS 0x0000000745c00000, 0x0000000745c00000| Untracked 
|  71|0x0000000745d00000, 0x0000000745d00000, 0x0000000745e00000|  0%| F|  |TAMS 0x0000000745d00000, 0x0000000745d00000| Untracked 
|  72|0x0000000745e00000, 0x0000000745e00000, 0x0000000745f00000|  0%| F|  |TAMS 0x0000000745e00000, 0x0000000745e00000| Untracked 
|  73|0x0000000745f00000, 0x0000000745f00000, 0x0000000746000000|  0%| F|  |TAMS 0x0000000745f00000, 0x0000000745f00000| Untracked 
|  74|0x0000000746000000, 0x0000000746000000, 0x0000000746100000|  0%| F|  |TAMS 0x0000000746000000, 0x0000000746000000| Untracked 
|  75|0x0000000746100000, 0x0000000746100000, 0x0000000746200000|  0%| F|  |TAMS 0x0000000746100000, 0x0000000746100000| Untracked 
|  76|0x0000000746200000, 0x0000000746200000, 0x0000000746300000|  0%| F|  |TAMS 0x0000000746200000, 0x0000000746200000| Untracked 
|  77|0x0000000746300000, 0x0000000746300000, 0x0000000746400000|  0%| F|  |TAMS 0x0000000746300000, 0x0000000746300000| Untracked 
|  78|0x0000000746400000, 0x0000000746400000, 0x0000000746500000|  0%| F|  |TAMS 0x0000000746400000, 0x0000000746400000| Untracked 
|  79|0x0000000746500000, 0x0000000746500000, 0x0000000746600000|  0%| F|  |TAMS 0x0000000746500000, 0x0000000746500000| Untracked 
|  80|0x0000000746600000, 0x0000000746600000, 0x0000000746700000|  0%| F|  |TAMS 0x0000000746600000, 0x0000000746600000| Untracked 
|  81|0x0000000746700000, 0x0000000746700000, 0x0000000746800000|  0%| F|  |TAMS 0x0000000746700000, 0x0000000746700000| Untracked 
|  82|0x0000000746800000, 0x0000000746800000, 0x0000000746900000|  0%| F|  |TAMS 0x0000000746800000, 0x0000000746800000| Untracked 
|  83|0x0000000746900000, 0x0000000746900000, 0x0000000746a00000|  0%| F|  |TAMS 0x0000000746900000, 0x0000000746900000| Untracked 
|  84|0x0000000746a00000, 0x0000000746a00000, 0x0000000746b00000|  0%| F|  |TAMS 0x0000000746a00000, 0x0000000746a00000| Untracked 
|  85|0x0000000746b00000, 0x0000000746b00000, 0x0000000746c00000|  0%| F|  |TAMS 0x0000000746b00000, 0x0000000746b00000| Untracked 
|  86|0x0000000746c00000, 0x0000000746c00000, 0x0000000746d00000|  0%| F|  |TAMS 0x0000000746c00000, 0x0000000746c00000| Untracked 
|  87|0x0000000746d00000, 0x0000000746d00000, 0x0000000746e00000|  0%| F|  |TAMS 0x0000000746d00000, 0x0000000746d00000| Untracked 
|  88|0x0000000746e00000, 0x0000000746e00000, 0x0000000746f00000|  0%| F|  |TAMS 0x0000000746e00000, 0x0000000746e00000| Untracked 
|  89|0x0000000746f00000, 0x0000000746f00000, 0x0000000747000000|  0%| F|  |TAMS 0x0000000746f00000, 0x0000000746f00000| Untracked 
|  90|0x0000000747000000, 0x0000000747000000, 0x0000000747100000|  0%| F|  |TAMS 0x0000000747000000, 0x0000000747000000| Untracked 
|  91|0x0000000747100000, 0x0000000747100000, 0x0000000747200000|  0%| F|  |TAMS 0x0000000747100000, 0x0000000747100000| Untracked 
|  92|0x0000000747200000, 0x0000000747200000, 0x0000000747300000|  0%| F|  |TAMS 0x0000000747200000, 0x0000000747200000| Untracked 
|  93|0x0000000747300000, 0x0000000747300000, 0x0000000747400000|  0%| F|  |TAMS 0x0000000747300000, 0x0000000747300000| Untracked 
|  94|0x0000000747400000, 0x0000000747400000, 0x0000000747500000|  0%| F|  |TAMS 0x0000000747400000, 0x0000000747400000| Untracked 
|  95|0x0000000747500000, 0x0000000747500000, 0x0000000747600000|  0%| F|  |TAMS 0x0000000747500000, 0x0000000747500000| Untracked 
|  96|0x0000000747600000, 0x0000000747600000, 0x0000000747700000|  0%| F|  |TAMS 0x0000000747600000, 0x0000000747600000| Untracked 
|  97|0x0000000747700000, 0x0000000747700000, 0x0000000747800000|  0%| F|  |TAMS 0x0000000747700000, 0x0000000747700000| Untracked 
|  98|0x0000000747800000, 0x0000000747800000, 0x0000000747900000|  0%| F|  |TAMS 0x0000000747800000, 0x0000000747800000| Untracked 
|  99|0x0000000747900000, 0x0000000747900000, 0x0000000747a00000|  0%| F|  |TAMS 0x0000000747900000, 0x0000000747900000| Untracked 
| 100|0x0000000747a00000, 0x0000000747a00000, 0x0000000747b00000|  0%| F|  |TAMS 0x0000000747a00000, 0x0000000747a00000| Untracked 
| 101|0x0000000747b00000, 0x0000000747b00000, 0x0000000747c00000|  0%| F|  |TAMS 0x0000000747b00000, 0x0000000747b00000| Untracked 
| 102|0x0000000747c00000, 0x0000000747c00000, 0x0000000747d00000|  0%| F|  |TAMS 0x0000000747c00000, 0x0000000747c00000| Untracked 
| 103|0x0000000747d00000, 0x0000000747d00000, 0x0000000747e00000|  0%| F|  |TAMS 0x0000000747d00000, 0x0000000747d00000| Untracked 
| 104|0x0000000747e00000, 0x0000000747e00000, 0x0000000747f00000|  0%| F|  |TAMS 0x0000000747e00000, 0x0000000747e00000| Untracked 
| 105|0x0000000747f00000, 0x0000000747f00000, 0x0000000748000000|  0%| F|  |TAMS 0x0000000747f00000, 0x0000000747f00000| Untracked 
| 106|0x0000000748000000, 0x0000000748000000, 0x0000000748100000|  0%| F|  |TAMS 0x0000000748000000, 0x0000000748000000| Untracked 
| 107|0x0000000748100000, 0x0000000748200000, 0x0000000748200000|100%| S|CS|TAMS 0x0000000748100000, 0x0000000748100000| Complete 
| 108|0x0000000748200000, 0x0000000748300000, 0x0000000748300000|100%| S|CS|TAMS 0x0000000748200000, 0x0000000748200000| Complete 
| 109|0x0000000748300000, 0x0000000748400000, 0x0000000748400000|100%| S|CS|TAMS 0x0000000748300000, 0x0000000748300000| Complete 
| 110|0x0000000748400000, 0x0000000748500000, 0x0000000748500000|100%| S|CS|TAMS 0x0000000748400000, 0x0000000748400000| Complete 
| 111|0x0000000748500000, 0x0000000748600000, 0x0000000748600000|100%| S|CS|TAMS 0x0000000748500000, 0x0000000748500000| Complete 
| 112|0x0000000748600000, 0x0000000748700000, 0x0000000748700000|100%| S|CS|TAMS 0x0000000748600000, 0x0000000748600000| Complete 
| 113|0x0000000748700000, 0x0000000748800000, 0x0000000748800000|100%| S|CS|TAMS 0x0000000748700000, 0x0000000748700000| Complete 
| 114|0x0000000748800000, 0x0000000748900000, 0x0000000748900000|100%| S|CS|TAMS 0x0000000748800000, 0x0000000748800000| Complete 
| 115|0x0000000748900000, 0x0000000748a00000, 0x0000000748a00000|100%| S|CS|TAMS 0x0000000748900000, 0x0000000748900000| Complete 
| 116|0x0000000748a00000, 0x0000000748b00000, 0x0000000748b00000|100%| S|CS|TAMS 0x0000000748a00000, 0x0000000748a00000| Complete 
| 117|0x0000000748b00000, 0x0000000748b00000, 0x0000000748c00000|  0%| F|  |TAMS 0x0000000748b00000, 0x0000000748b00000| Untracked 
| 118|0x0000000748c00000, 0x0000000748c00000, 0x0000000748d00000|  0%| F|  |TAMS 0x0000000748c00000, 0x0000000748c00000| Untracked 
| 119|0x0000000748d00000, 0x0000000748d00000, 0x0000000748e00000|  0%| F|  |TAMS 0x0000000748d00000, 0x0000000748d00000| Untracked 
| 120|0x0000000748e00000, 0x0000000748e00000, 0x0000000748f00000|  0%| F|  |TAMS 0x0000000748e00000, 0x0000000748e00000| Untracked 
| 121|0x0000000748f00000, 0x0000000748f00000, 0x0000000749000000|  0%| F|  |TAMS 0x0000000748f00000, 0x0000000748f00000| Untracked 
| 122|0x0000000749000000, 0x0000000749000000, 0x0000000749100000|  0%| F|  |TAMS 0x0000000749000000, 0x0000000749000000| Untracked 
| 123|0x0000000749100000, 0x0000000749100000, 0x0000000749200000|  0%| F|  |TAMS 0x0000000749100000, 0x0000000749100000| Untracked 
| 124|0x0000000749200000, 0x0000000749200000, 0x0000000749300000|  0%| F|  |TAMS 0x0000000749200000, 0x0000000749200000| Untracked 
| 125|0x0000000749300000, 0x0000000749300000, 0x0000000749400000|  0%| F|  |TAMS 0x0000000749300000, 0x0000000749300000| Untracked 
| 126|0x0000000749400000, 0x0000000749400000, 0x0000000749500000|  0%| F|  |TAMS 0x0000000749400000, 0x0000000749400000| Untracked 
| 127|0x0000000749500000, 0x0000000749500000, 0x0000000749600000|  0%| F|  |TAMS 0x0000000749500000, 0x0000000749500000| Untracked 
| 128|0x0000000749600000, 0x0000000749600000, 0x0000000749700000|  0%| F|  |TAMS 0x0000000749600000, 0x0000000749600000| Untracked 
| 129|0x0000000749700000, 0x0000000749700000, 0x0000000749800000|  0%| F|  |TAMS 0x0000000749700000, 0x0000000749700000| Untracked 
| 130|0x0000000749800000, 0x0000000749800000, 0x0000000749900000|  0%| F|  |TAMS 0x0000000749800000, 0x0000000749800000| Untracked 
| 131|0x0000000749900000, 0x0000000749900000, 0x0000000749a00000|  0%| F|  |TAMS 0x0000000749900000, 0x0000000749900000| Untracked 
| 132|0x0000000749a00000, 0x0000000749a00000, 0x0000000749b00000|  0%| F|  |TAMS 0x0000000749a00000, 0x0000000749a00000| Untracked 
| 133|0x0000000749b00000, 0x0000000749b00000, 0x0000000749c00000|  0%| F|  |TAMS 0x0000000749b00000, 0x0000000749b00000| Untracked 
| 134|0x0000000749c00000, 0x0000000749c00000, 0x0000000749d00000|  0%| F|  |TAMS 0x0000000749c00000, 0x0000000749c00000| Untracked 
| 135|0x0000000749d00000, 0x0000000749d00000, 0x0000000749e00000|  0%| F|  |TAMS 0x0000000749d00000, 0x0000000749d00000| Untracked 
| 136|0x0000000749e00000, 0x0000000749e00000, 0x0000000749f00000|  0%| F|  |TAMS 0x0000000749e00000, 0x0000000749e00000| Untracked 
| 137|0x0000000749f00000, 0x0000000749f00000, 0x000000074a000000|  0%| F|  |TAMS 0x0000000749f00000, 0x0000000749f00000| Untracked 
| 138|0x000000074a000000, 0x000000074a000000, 0x000000074a100000|  0%| F|  |TAMS 0x000000074a000000, 0x000000074a000000| Untracked 
| 139|0x000000074a100000, 0x000000074a100000, 0x000000074a200000|  0%| F|  |TAMS 0x000000074a100000, 0x000000074a100000| Untracked 
| 140|0x000000074a200000, 0x000000074a200000, 0x000000074a300000|  0%| F|  |TAMS 0x000000074a200000, 0x000000074a200000| Untracked 
| 141|0x000000074a300000, 0x000000074a300000, 0x000000074a400000|  0%| F|  |TAMS 0x000000074a300000, 0x000000074a300000| Untracked 
| 142|0x000000074a400000, 0x000000074a400000, 0x000000074a500000|  0%| F|  |TAMS 0x000000074a400000, 0x000000074a400000| Untracked 
| 143|0x000000074a500000, 0x000000074a500000, 0x000000074a600000|  0%| F|  |TAMS 0x000000074a500000, 0x000000074a500000| Untracked 
| 144|0x000000074a600000, 0x000000074a600000, 0x000000074a700000|  0%| F|  |TAMS 0x000000074a600000, 0x000000074a600000| Untracked 
| 145|0x000000074a700000, 0x000000074a700000, 0x000000074a800000|  0%| F|  |TAMS 0x000000074a700000, 0x000000074a700000| Untracked 
| 146|0x000000074a800000, 0x000000074a800000, 0x000000074a900000|  0%| F|  |TAMS 0x000000074a800000, 0x000000074a800000| Untracked 
| 147|0x000000074a900000, 0x000000074a900000, 0x000000074aa00000|  0%| F|  |TAMS 0x000000074a900000, 0x000000074a900000| Untracked 
| 148|0x000000074aa00000, 0x000000074aa00000, 0x000000074ab00000|  0%| F|  |TAMS 0x000000074aa00000, 0x000000074aa00000| Untracked 
| 149|0x000000074ab00000, 0x000000074ab00000, 0x000000074ac00000|  0%| F|  |TAMS 0x000000074ab00000, 0x000000074ab00000| Untracked 
| 150|0x000000074ac00000, 0x000000074ac00000, 0x000000074ad00000|  0%| F|  |TAMS 0x000000074ac00000, 0x000000074ac00000| Untracked 
| 151|0x000000074ad00000, 0x000000074ad00000, 0x000000074ae00000|  0%| F|  |TAMS 0x000000074ad00000, 0x000000074ad00000| Untracked 
| 152|0x000000074ae00000, 0x000000074ae00000, 0x000000074af00000|  0%| F|  |TAMS 0x000000074ae00000, 0x000000074ae00000| Untracked 
| 153|0x000000074af00000, 0x000000074af00000, 0x000000074b000000|  0%| F|  |TAMS 0x000000074af00000, 0x000000074af00000| Untracked 
| 154|0x000000074b000000, 0x000000074b000000, 0x000000074b100000|  0%| F|  |TAMS 0x000000074b000000, 0x000000074b000000| Untracked 
| 155|0x000000074b100000, 0x000000074b100000, 0x000000074b200000|  0%| F|  |TAMS 0x000000074b100000, 0x000000074b100000| Untracked 
| 156|0x000000074b200000, 0x000000074b200000, 0x000000074b300000|  0%| F|  |TAMS 0x000000074b200000, 0x000000074b200000| Untracked 
| 157|0x000000074b300000, 0x000000074b300000, 0x000000074b400000|  0%| F|  |TAMS 0x000000074b300000, 0x000000074b300000| Untracked 
| 158|0x000000074b400000, 0x000000074b400000, 0x000000074b500000|  0%| F|  |TAMS 0x000000074b400000, 0x000000074b400000| Untracked 
| 159|0x000000074b500000, 0x000000074b500000, 0x000000074b600000|  0%| F|  |TAMS 0x000000074b500000, 0x000000074b500000| Untracked 
| 160|0x000000074b600000, 0x000000074b600000, 0x000000074b700000|  0%| F|  |TAMS 0x000000074b600000, 0x000000074b600000| Untracked 
| 161|0x000000074b700000, 0x000000074b700000, 0x000000074b800000|  0%| F|  |TAMS 0x000000074b700000, 0x000000074b700000| Untracked 
| 162|0x000000074b800000, 0x000000074b800000, 0x000000074b900000|  0%| F|  |TAMS 0x000000074b800000, 0x000000074b800000| Untracked 
| 163|0x000000074b900000, 0x000000074b900000, 0x000000074ba00000|  0%| F|  |TAMS 0x000000074b900000, 0x000000074b900000| Untracked 
| 164|0x000000074ba00000, 0x000000074ba00000, 0x000000074bb00000|  0%| F|  |TAMS 0x000000074ba00000, 0x000000074ba00000| Untracked 
| 165|0x000000074bb00000, 0x000000074bb00000, 0x000000074bc00000|  0%| F|  |TAMS 0x000000074bb00000, 0x000000074bb00000| Untracked 
| 166|0x000000074bc00000, 0x000000074bc00000, 0x000000074bd00000|  0%| F|  |TAMS 0x000000074bc00000, 0x000000074bc00000| Untracked 
| 167|0x000000074bd00000, 0x000000074bd00000, 0x000000074be00000|  0%| F|  |TAMS 0x000000074bd00000, 0x000000074bd00000| Untracked 
| 168|0x000000074be00000, 0x000000074be00000, 0x000000074bf00000|  0%| F|  |TAMS 0x000000074be00000, 0x000000074be00000| Untracked 
| 169|0x000000074bf00000, 0x000000074bf00000, 0x000000074c000000|  0%| F|  |TAMS 0x000000074bf00000, 0x000000074bf00000| Untracked 
| 170|0x000000074c000000, 0x000000074c100000, 0x000000074c100000|100%| E|  |TAMS 0x000000074c000000, 0x000000074c000000| Complete 
| 171|0x000000074c100000, 0x000000074c200000, 0x000000074c200000|100%| E|CS|TAMS 0x000000074c100000, 0x000000074c100000| Complete 
| 172|0x000000074c200000, 0x000000074c300000, 0x000000074c300000|100%| E|CS|TAMS 0x000000074c200000, 0x000000074c200000| Complete 
| 173|0x000000074c300000, 0x000000074c400000, 0x000000074c400000|100%| E|CS|TAMS 0x000000074c300000, 0x000000074c300000| Complete 
| 174|0x000000074c400000, 0x000000074c500000, 0x000000074c500000|100%| E|CS|TAMS 0x000000074c400000, 0x000000074c400000| Complete 
| 175|0x000000074c500000, 0x000000074c600000, 0x000000074c600000|100%| E|CS|TAMS 0x000000074c500000, 0x000000074c500000| Complete 
| 176|0x000000074c600000, 0x000000074c700000, 0x000000074c700000|100%| E|CS|TAMS 0x000000074c600000, 0x000000074c600000| Complete 
| 177|0x000000074c700000, 0x000000074c800000, 0x000000074c800000|100%| E|CS|TAMS 0x000000074c700000, 0x000000074c700000| Complete 
| 178|0x000000074c800000, 0x000000074c900000, 0x000000074c900000|100%| E|CS|TAMS 0x000000074c800000, 0x000000074c800000| Complete 
| 179|0x000000074c900000, 0x000000074ca00000, 0x000000074ca00000|100%| E|CS|TAMS 0x000000074c900000, 0x000000074c900000| Complete 
| 180|0x000000074ca00000, 0x000000074cb00000, 0x000000074cb00000|100%| E|CS|TAMS 0x000000074ca00000, 0x000000074ca00000| Complete 
| 181|0x000000074cb00000, 0x000000074cc00000, 0x000000074cc00000|100%| E|CS|TAMS 0x000000074cb00000, 0x000000074cb00000| Complete 
| 182|0x000000074cc00000, 0x000000074cd00000, 0x000000074cd00000|100%| E|CS|TAMS 0x000000074cc00000, 0x000000074cc00000| Complete 
| 183|0x000000074cd00000, 0x000000074ce00000, 0x000000074ce00000|100%| E|CS|TAMS 0x000000074cd00000, 0x000000074cd00000| Complete 
| 184|0x000000074ce00000, 0x000000074cf00000, 0x000000074cf00000|100%| E|CS|TAMS 0x000000074ce00000, 0x000000074ce00000| Complete 
| 185|0x000000074cf00000, 0x000000074d000000, 0x000000074d000000|100%| E|CS|TAMS 0x000000074cf00000, 0x000000074cf00000| Complete 
| 186|0x000000074d000000, 0x000000074d100000, 0x000000074d100000|100%| E|CS|TAMS 0x000000074d000000, 0x000000074d000000| Complete 
| 187|0x000000074d100000, 0x000000074d200000, 0x000000074d200000|100%| E|CS|TAMS 0x000000074d100000, 0x000000074d100000| Complete 
| 188|0x000000074d200000, 0x000000074d300000, 0x000000074d300000|100%| E|CS|TAMS 0x000000074d200000, 0x000000074d200000| Complete 
| 189|0x000000074d300000, 0x000000074d400000, 0x000000074d400000|100%| E|CS|TAMS 0x000000074d300000, 0x000000074d300000| Complete 
| 190|0x000000074d400000, 0x000000074d500000, 0x000000074d500000|100%| E|CS|TAMS 0x000000074d400000, 0x000000074d400000| Complete 
| 191|0x000000074d500000, 0x000000074d600000, 0x000000074d600000|100%| E|CS|TAMS 0x000000074d500000, 0x000000074d500000| Complete 
| 192|0x000000074d600000, 0x000000074d700000, 0x000000074d700000|100%| E|CS|TAMS 0x000000074d600000, 0x000000074d600000| Complete 
| 193|0x000000074d700000, 0x000000074d800000, 0x000000074d800000|100%| E|CS|TAMS 0x000000074d700000, 0x000000074d700000| Complete 
| 194|0x000000074d800000, 0x000000074d900000, 0x000000074d900000|100%| E|CS|TAMS 0x000000074d800000, 0x000000074d800000| Complete 
| 195|0x000000074d900000, 0x000000074da00000, 0x000000074da00000|100%| E|CS|TAMS 0x000000074d900000, 0x000000074d900000| Complete 
| 196|0x000000074da00000, 0x000000074db00000, 0x000000074db00000|100%| E|CS|TAMS 0x000000074da00000, 0x000000074da00000| Complete 
| 197|0x000000074db00000, 0x000000074dc00000, 0x000000074dc00000|100%| E|CS|TAMS 0x000000074db00000, 0x000000074db00000| Complete 
| 198|0x000000074dc00000, 0x000000074dd00000, 0x000000074dd00000|100%| E|CS|TAMS 0x000000074dc00000, 0x000000074dc00000| Complete 
| 199|0x000000074dd00000, 0x000000074de00000, 0x000000074de00000|100%| E|CS|TAMS 0x000000074dd00000, 0x000000074dd00000| Complete 
| 200|0x000000074de00000, 0x000000074df00000, 0x000000074df00000|100%| E|CS|TAMS 0x000000074de00000, 0x000000074de00000| Complete 
| 201|0x000000074df00000, 0x000000074e000000, 0x000000074e000000|100%| E|CS|TAMS 0x000000074df00000, 0x000000074df00000| Complete 
| 202|0x000000074e000000, 0x000000074e100000, 0x000000074e100000|100%| E|CS|TAMS 0x000000074e000000, 0x000000074e000000| Complete 
| 203|0x000000074e100000, 0x000000074e200000, 0x000000074e200000|100%| E|CS|TAMS 0x000000074e100000, 0x000000074e100000| Complete 
| 204|0x000000074e200000, 0x000000074e300000, 0x000000074e300000|100%| E|CS|TAMS 0x000000074e200000, 0x000000074e200000| Complete 
| 205|0x000000074e300000, 0x000000074e400000, 0x000000074e400000|100%| E|CS|TAMS 0x000000074e300000, 0x000000074e300000| Complete 
| 206|0x000000074e400000, 0x000000074e500000, 0x000000074e500000|100%| E|CS|TAMS 0x000000074e400000, 0x000000074e400000| Complete 
| 207|0x000000074e500000, 0x000000074e600000, 0x000000074e600000|100%| E|CS|TAMS 0x000000074e500000, 0x000000074e500000| Complete 
| 208|0x000000074e600000, 0x000000074e700000, 0x000000074e700000|100%| E|CS|TAMS 0x000000074e600000, 0x000000074e600000| Complete 
| 209|0x000000074e700000, 0x000000074e800000, 0x000000074e800000|100%| E|CS|TAMS 0x000000074e700000, 0x000000074e700000| Complete 
| 210|0x000000074e800000, 0x000000074e900000, 0x000000074e900000|100%| E|CS|TAMS 0x000000074e800000, 0x000000074e800000| Complete 
| 211|0x000000074e900000, 0x000000074ea00000, 0x000000074ea00000|100%| E|CS|TAMS 0x000000074e900000, 0x000000074e900000| Complete 
| 212|0x000000074ea00000, 0x000000074eb00000, 0x000000074eb00000|100%| E|CS|TAMS 0x000000074ea00000, 0x000000074ea00000| Complete 
| 213|0x000000074eb00000, 0x000000074ec00000, 0x000000074ec00000|100%| E|CS|TAMS 0x000000074eb00000, 0x000000074eb00000| Complete 
| 214|0x000000074ec00000, 0x000000074ed00000, 0x000000074ed00000|100%| E|CS|TAMS 0x000000074ec00000, 0x000000074ec00000| Complete 
| 215|0x000000074ed00000, 0x000000074ee00000, 0x000000074ee00000|100%| E|CS|TAMS 0x000000074ed00000, 0x000000074ed00000| Complete 
| 216|0x000000074ee00000, 0x000000074ef00000, 0x000000074ef00000|100%| E|CS|TAMS 0x000000074ee00000, 0x000000074ee00000| Complete 
| 217|0x000000074ef00000, 0x000000074f000000, 0x000000074f000000|100%| E|CS|TAMS 0x000000074ef00000, 0x000000074ef00000| Complete 
| 218|0x000000074f000000, 0x000000074f100000, 0x000000074f100000|100%| E|CS|TAMS 0x000000074f000000, 0x000000074f000000| Complete 
| 219|0x000000074f100000, 0x000000074f200000, 0x000000074f200000|100%| E|CS|TAMS 0x000000074f100000, 0x000000074f100000| Complete 
| 220|0x000000074f200000, 0x000000074f300000, 0x000000074f300000|100%| E|CS|TAMS 0x000000074f200000, 0x000000074f200000| Complete 
| 221|0x000000074f300000, 0x000000074f400000, 0x000000074f400000|100%| E|CS|TAMS 0x000000074f300000, 0x000000074f300000| Complete 
| 222|0x000000074f400000, 0x000000074f500000, 0x000000074f500000|100%| E|CS|TAMS 0x000000074f400000, 0x000000074f400000| Complete 
| 223|0x000000074f500000, 0x000000074f600000, 0x000000074f600000|100%| E|CS|TAMS 0x000000074f500000, 0x000000074f500000| Complete 
| 224|0x000000074f600000, 0x000000074f700000, 0x000000074f700000|100%| E|CS|TAMS 0x000000074f600000, 0x000000074f600000| Complete 
| 225|0x000000074f700000, 0x000000074f800000, 0x000000074f800000|100%| E|CS|TAMS 0x000000074f700000, 0x000000074f700000| Complete 
| 226|0x000000074f800000, 0x000000074f900000, 0x000000074f900000|100%| E|CS|TAMS 0x000000074f800000, 0x000000074f800000| Complete 
| 227|0x000000074f900000, 0x000000074fa00000, 0x000000074fa00000|100%| E|CS|TAMS 0x000000074f900000, 0x000000074f900000| Complete 
| 228|0x000000074fa00000, 0x000000074fb00000, 0x000000074fb00000|100%| E|CS|TAMS 0x000000074fa00000, 0x000000074fa00000| Complete 
| 229|0x000000074fb00000, 0x000000074fc00000, 0x000000074fc00000|100%| E|CS|TAMS 0x000000074fb00000, 0x000000074fb00000| Complete 
| 230|0x000000074fc00000, 0x000000074fd00000, 0x000000074fd00000|100%| E|CS|TAMS 0x000000074fc00000, 0x000000074fc00000| Complete 

Card table byte_map: [0x000002aa5ac30000,0x000002aa5b230000] _byte_map_base: 0x000002aa57225000

Marking Bits (Prev, Next): (CMBitMap*) 0x000002aa45d8bfc0, (CMBitMap*) 0x000002aa45d8bf88
 Prev Bits: [0x000002aa5e7e0000, 0x000002aa61788000)
 Next Bits: [0x000002aa5b830000, 0x000002aa5e7d8000)

Polling page: 0x000002aa45e20000

Metaspace:

Usage:
  Non-class:     49.13 MB capacity,    48.67 MB (>99%) used,   384.61 KB ( <1%) free+waste,    85.88 KB ( <1%) overhead. 
      Class:      6.48 MB capacity,     6.22 MB ( 96%) used,   237.05 KB (  4%) free+waste,    37.38 KB ( <1%) overhead. 
       Both:     55.61 MB capacity,    54.88 MB ( 99%) used,   621.66 KB (  1%) free+waste,   123.25 KB ( <1%) overhead. 

Virtual space:
  Non-class space:       50.00 MB reserved,      49.25 MB ( 99%) committed 
      Class space:        1.00 GB reserved,       6.50 MB ( <1%) committed 
             Both:        1.05 GB reserved,      55.75 MB (  5%) committed 

Chunk freelists:
   Non-Class:  61.00 KB
       Class:  17.00 KB
        Both:  78.00 KB

MaxMetaspaceSize: 17179869184.00 GB
CompressedClassSpaceSize: 1.00 GB

CodeHeap 'non-profiled nmethods': size=120064Kb used=2911Kb max_used=2911Kb free=117152Kb
 bounds [0x000002aa52ac0000, 0x000002aa52da0000, 0x000002aa5a000000]
CodeHeap 'profiled nmethods': size=120000Kb used=15751Kb max_used=15751Kb free=104248Kb
 bounds [0x000002aa4b590000, 0x000002aa4c500000, 0x000002aa52ac0000]
CodeHeap 'non-nmethods': size=5696Kb used=1218Kb max_used=1266Kb free=4477Kb
 bounds [0x000002aa4b000000, 0x000002aa4b270000, 0x000002aa4b590000]
 total_blobs=6749 nmethods=6179 adapters=478
 compilation: enabled
              stopped_count=0, restarted_count=0
 full_count=0

Compilation events (20 events):
Event: 5.289 Thread 0x000002aa646f4000 6135       3       org.jetbrains.kotlin.resolve.calls.tower.NoExplicitReceiverScopeTowerProcessor::simpleProcess (103 bytes)
Event: 5.290 Thread 0x000002aa646f4000 nmethod 6135 0x000002aa4c4bba10 code [0x000002aa4c4bbd00, 0x000002aa4c4bcf18]
Event: 5.290 Thread 0x000002aa646f4000 6138       1       org.jetbrains.kotlin.resolve.diagnostics.MutableDiagnosticsWithSuppression::getModificationTracker (5 bytes)
Event: 5.290 Thread 0x000002aa646f4000 nmethod 6138 0x000002aa52d8a090 code [0x000002aa52d8a240, 0x000002aa52d8a2f8]
Event: 5.290 Thread 0x000002aa646f4000 6136       1       org.jetbrains.kotlin.resolve.calls.tower.AbstractScopeTowerLevel::getScopeTower (5 bytes)
Event: 5.290 Thread 0x000002aa646f4000 nmethod 6136 0x000002aa52d8a390 code [0x000002aa52d8a540, 0x000002aa52d8a5f8]
Event: 5.290 Thread 0x000002aa646f4000 6137       1       org.jetbrains.kotlin.resolve.calls.tower.PSICallResolver::access$getCandidateInterceptor$p (5 bytes)
Event: 5.290 Thread 0x000002aa646f4000 nmethod 6137 0x000002aa52d8a690 code [0x000002aa52d8a840, 0x000002aa52d8a8d8]
Event: 5.292 Thread 0x000002aa646f4000 6139       1       org.jetbrains.kotlin.resolve.calls.util.CallMaker$CallImpl::getCallOperationNode (5 bytes)
Event: 5.292 Thread 0x000002aa646f4000 nmethod 6139 0x000002aa52d8a990 code [0x000002aa52d8ab40, 0x000002aa52d8abf8]
Event: 5.298 Thread 0x000002aa646f4000 6140       3       org.jetbrains.kotlin.com.intellij.util.keyFMap.ArrayBackedFMap::<init> (31 bytes)
Event: 5.298 Thread 0x000002aa646f4000 nmethod 6140 0x000002aa4c4bd310 code [0x000002aa4c4bd4e0, 0x000002aa4c4bd7f8]
Event: 5.298 Thread 0x000002aa663e8000 nmethod 6044 0x000002aa52d8ac90 code [0x000002aa52d8b040, 0x000002aa52d8dd50]
Event: 5.298 Thread 0x000002aa663e8000 6133       4       org.jetbrains.kotlin.lexer._JetLexer::advance (2227 bytes)
Event: 5.303 Thread 0x000002aa646f4000 6142       3       org.jetbrains.kotlin.resolve.calls.tower.CandidateApplicabilityKt::isSuccess (25 bytes)
Event: 5.303 Thread 0x000002aa646f4000 nmethod 6142 0x000002aa4c4bd910 code [0x000002aa4c4bdb40, 0x000002aa4c4be168]
Event: 5.303 Thread 0x000002aa646f4000 6143       1       org.jetbrains.kotlin.resolve.calls.tower.ExpressionKotlinCallArgumentImpl::getValueArgument (5 bytes)
Event: 5.303 Thread 0x000002aa646f4000 nmethod 6143 0x000002aa52d8f690 code [0x000002aa52d8f840, 0x000002aa52d8f8f8]
Event: 5.303 Thread 0x000002aa646f4000 6144       3       org.jetbrains.kotlin.resolve.inline.InlineUtil::isInline (25 bytes)
Event: 5.304 Thread 0x000002aa646f4000 nmethod 6144 0x000002aa4c4be410 code [0x000002aa4c4be5e0, 0x000002aa4c4bea48]

GC Heap History (12 events):
Event: 0.347 GC heap before
{Heap before GC invocations=0 (full 0):
 garbage-first heap   total 196608K, used 17408K [0x0000000741600000, 0x0000000800000000)
  region size 1024K, 14 young (14336K), 0 survivors (0K)
 Metaspace       used 9759K, capacity 9871K, committed 10112K, reserved 1058816K
  class space    used 834K, capacity 884K, committed 896K, reserved 1048576K
}
Event: 0.349 GC heap after
{Heap after GC invocations=1 (full 0):
 garbage-first heap   total 196608K, used 5179K [0x0000000741600000, 0x0000000800000000)
  region size 1024K, 2 young (2048K), 2 survivors (2048K)
 Metaspace       used 9759K, capacity 9871K, committed 10112K, reserved 1058816K
  class space    used 834K, capacity 884K, committed 896K, reserved 1048576K
}
Event: 1.023 GC heap before
{Heap before GC invocations=1 (full 0):
 garbage-first heap   total 196608K, used 52283K [0x0000000741600000, 0x0000000800000000)
  region size 1024K, 49 young (50176K), 2 survivors (2048K)
 Metaspace       used 20927K, capacity 21164K, committed 21248K, reserved 1069056K
  class space    used 2202K, capacity 2283K, committed 2304K, reserved 1048576K
}
Event: 1.033 GC heap after
{Heap after GC invocations=2 (full 0):
 garbage-first heap   total 196608K, used 9607K [0x0000000741600000, 0x0000000800000000)
  region size 1024K, 7 young (7168K), 7 survivors (7168K)
 Metaspace       used 20927K, capacity 21164K, committed 21248K, reserved 1069056K
  class space    used 2202K, capacity 2283K, committed 2304K, reserved 1048576K
}
Event: 2.130 GC heap before
{Heap before GC invocations=3 (full 0):
 garbage-first heap   total 196608K, used 67975K [0x0000000741600000, 0x0000000800000000)
  region size 1024K, 56 young (57344K), 7 survivors (7168K)
 Metaspace       used 30360K, capacity 30810K, committed 30976K, reserved 1077248K
  class space    used 3576K, capacity 3768K, committed 3840K, reserved 1048576K
}
Event: 2.140 GC heap after
{Heap after GC invocations=4 (full 0):
 garbage-first heap   total 196608K, used 22765K [0x0000000741600000, 0x0000000800000000)
  region size 1024K, 7 young (7168K), 7 survivors (7168K)
 Metaspace       used 30360K, capacity 30810K, committed 30976K, reserved 1077248K
  class space    used 3576K, capacity 3768K, committed 3840K, reserved 1048576K
}
Event: 2.574 GC heap before
{Heap before GC invocations=4 (full 0):
 garbage-first heap   total 196608K, used 48365K [0x0000000741600000, 0x0000000800000000)
  region size 1024K, 29 young (29696K), 7 survivors (7168K)
 Metaspace       used 35222K, capacity 35729K, committed 35840K, reserved 1081344K
  class space    used 4327K, capacity 4511K, committed 4608K, reserved 1048576K
}
Event: 2.580 GC heap after
{Heap after GC invocations=5 (full 0):
 garbage-first heap   total 196608K, used 26558K [0x0000000741600000, 0x0000000800000000)
  region size 1024K, 2 young (2048K), 2 survivors (2048K)
 Metaspace       used 35222K, capacity 35729K, committed 35840K, reserved 1081344K
  class space    used 4327K, capacity 4511K, committed 4608K, reserved 1048576K
}
Event: 3.468 GC heap before
{Heap before GC invocations=6 (full 0):
 garbage-first heap   total 196608K, used 89022K [0x0000000741600000, 0x0000000800000000)
  region size 1024K, 62 young (63488K), 2 survivors (2048K)
 Metaspace       used 46448K, capacity 47062K, committed 47232K, reserved 1091584K
  class space    used 5464K, capacity 5681K, committed 5760K, reserved 1048576K
}
Event: 3.485 GC heap after
{Heap after GC invocations=7 (full 0):
 garbage-first heap   total 196608K, used 33792K [0x0000000741600000, 0x0000000800000000)
  region size 1024K, 8 young (8192K), 8 survivors (8192K)
 Metaspace       used 46448K, capacity 47062K, committed 47232K, reserved 1091584K
  class space    used 5464K, capacity 5681K, committed 5760K, reserved 1048576K
}
Event: 4.569 GC heap before
{Heap before GC invocations=8 (full 0):
 garbage-first heap   total 196608K, used 102400K [0x0000000741600000, 0x0000000800000000)
  region size 1024K, 75 young (76800K), 8 survivors (8192K)
 Metaspace       used 52389K, capacity 53007K, committed 53120K, reserved 1095680K
  class space    used 5968K, capacity 6222K, committed 6272K, reserved 1048576K
}
Event: 4.584 GC heap after
{Heap after GC invocations=9 (full 0):
 garbage-first heap   total 236544K, used 43787K [0x0000000741600000, 0x0000000800000000)
  region size 1024K, 10 young (10240K), 10 survivors (10240K)
 Metaspace       used 52389K, capacity 53007K, committed 53120K, reserved 1095680K
  class space    used 5968K, capacity 6222K, committed 6272K, reserved 1048576K
}

Deoptimization events (20 events):
Event: 5.284 Thread 0x000002aa45d39800 Uncommon trap: trap_request=0xffffffc6 fr.pc=0x000002aa52c946a4 relative=0x0000000000000164
Event: 5.284 Thread 0x000002aa45d39800 Uncommon trap: reason=bimorphic_or_optimized_type_check action=maybe_recompile pc=0x000002aa52c946a4 method=java.util.Collections$UnmodifiableCollection$1.next()Ljava/lang/Object; @ 4 c2
Event: 5.284 Thread 0x000002aa45d39800 DEOPT PACKING pc=0x000002aa52c946a4 sp=0x000000f2bc3fcba0
Event: 5.284 Thread 0x000002aa45d39800 DEOPT UNPACKING pc=0x000002aa4b027aaf sp=0x000000f2bc3fcb50 mode 2
Event: 5.284 Thread 0x000002aa45d39800 Uncommon trap: trap_request=0xffffffc6 fr.pc=0x000002aa52cc0758 relative=0x0000000000000098
Event: 5.284 Thread 0x000002aa45d39800 Uncommon trap: reason=bimorphic_or_optimized_type_check action=maybe_recompile pc=0x000002aa52cc0758 method=java.util.Collections$UnmodifiableCollection$1.hasNext()Z @ 4 c2
Event: 5.284 Thread 0x000002aa45d39800 DEOPT PACKING pc=0x000002aa52cc0758 sp=0x000000f2bc3fcbc0
Event: 5.284 Thread 0x000002aa45d39800 DEOPT UNPACKING pc=0x000002aa4b027aaf sp=0x000000f2bc3fcb50 mode 2
Event: 5.284 Thread 0x000002aa45d39800 Uncommon trap: trap_request=0xffffffc6 fr.pc=0x000002aa52c946a4 relative=0x0000000000000164
Event: 5.284 Thread 0x000002aa45d39800 Uncommon trap: reason=bimorphic_or_optimized_type_check action=maybe_recompile pc=0x000002aa52c946a4 method=java.util.Collections$UnmodifiableCollection$1.next()Ljava/lang/Object; @ 4 c2
Event: 5.284 Thread 0x000002aa45d39800 DEOPT PACKING pc=0x000002aa52c946a4 sp=0x000000f2bc3fcba0
Event: 5.284 Thread 0x000002aa45d39800 DEOPT UNPACKING pc=0x000002aa4b027aaf sp=0x000000f2bc3fcb50 mode 2
Event: 5.292 Thread 0x000002aa45d39800 Uncommon trap: trap_request=0xffffff4d fr.pc=0x000002aa52bd26e0 relative=0x0000000000000200
Event: 5.292 Thread 0x000002aa45d39800 Uncommon trap: reason=unstable_if action=reinterpret pc=0x000002aa52bd26e0 method=java.util.HashMap.hash(Ljava/lang/Object;)I @ 1 c2
Event: 5.292 Thread 0x000002aa45d39800 DEOPT PACKING pc=0x000002aa52bd26e0 sp=0x000000f2bc3fb750
Event: 5.292 Thread 0x000002aa45d39800 DEOPT UNPACKING pc=0x000002aa4b027aaf sp=0x000000f2bc3fb610 mode 2
Event: 5.292 Thread 0x000002aa45d39800 Uncommon trap: trap_request=0xffffff4d fr.pc=0x000002aa52b1ac14 relative=0x00000000000000d4
Event: 5.292 Thread 0x000002aa45d39800 Uncommon trap: reason=unstable_if action=reinterpret pc=0x000002aa52b1ac14 method=java.util.HashMap.hash(Ljava/lang/Object;)I @ 1 c2
Event: 5.292 Thread 0x000002aa45d39800 DEOPT PACKING pc=0x000002aa52b1ac14 sp=0x000000f2bc3fb6c0
Event: 5.292 Thread 0x000002aa45d39800 DEOPT UNPACKING pc=0x000002aa4b027aaf sp=0x000000f2bc3fb600 mode 2

Classes redefined (0 events):
No events

Internal exceptions (20 events):
Event: 1.451 Thread 0x000002aa45d39800 Implicit null exception at 0x000002aa52b487ac to 0x000002aa52b488da
Event: 1.490 Thread 0x000002aa45d39800 Exception <a 'java/lang/NoSuchMethodError'{0x000000074c43d238}: 'void java.lang.invoke.DirectMethodHandle$Holder.invokeStatic(java.lang.Object, java.lang.Object, java.lang.Object, java.lang.Object)'> (0x000000074c43d238) thrown at [./src/hotspot/share/interpreter/linkResolver.cpp, line 773]
Event: 1.513 Thread 0x000002aa45d39800 Exception <a 'java/lang/NoSuchMethodError'{0x000000074c38de00}: 'void java.lang.invoke.DirectMethodHandle$Holder.invokeSpecial(java.lang.Object, java.lang.Object)'> (0x000000074c38de00) thrown at [./src/hotspot/share/interpreter/linkResolver.cpp, line 773]
Event: 1.543 Thread 0x000002aa45d39800 Exception <a 'java/lang/NoSuchMethodError'{0x000000074c030c38}: 'void java.lang.invoke.DirectMethodHandle$Holder.invokeStaticInit(java.lang.Object, java.lang.Object)'> (0x000000074c030c38) thrown at [./src/hotspot/share/interpreter/linkResolver.cpp, line 773]
Event: 1.552 Thread 0x000002aa45d39800 Exception <a 'java/lang/NoSuchMethodError'{0x000000074c074060}: 'void java.lang.invoke.DirectMethodHandle$Holder.invokeInterface(java.lang.Object, java.lang.Object)'> (0x000000074c074060) thrown at [./src/hotspot/share/interpreter/linkResolver.cpp, line 773]
Event: 1.615 Thread 0x000002aa45d39800 Exception <a 'java/lang/NoSuchMethodError'{0x000000074bcc1720}: 'void java.lang.invoke.DirectMethodHandle$Holder.invokeVirtual(java.lang.Object, java.lang.Object)'> (0x000000074bcc1720) thrown at [./src/hotspot/share/interpreter/linkResolver.cpp, line 773]
Event: 1.623 Thread 0x000002aa45d39800 Exception <a 'java/lang/NoSuchMethodError'{0x000000074bb38d28}: 'int java.lang.invoke.DirectMethodHandle$Holder.invokeVirtual(java.lang.Object, java.lang.Object)'> (0x000000074bb38d28) thrown at [./src/hotspot/share/interpreter/linkResolver.cpp, line 773]
Event: 2.533 Thread 0x000002aa45d39800 Exception <a 'java/lang/NoSuchMethodError'{0x000000074c384aa8}: 'java.lang.Object java.lang.invoke.DirectMethodHandle$Holder.invokeVirtual(java.lang.Object, java.lang.Object, java.lang.Object)'> (0x000000074c384aa8) thrown at [./src/hotspot/share/interpreter/linkResolver.cpp, line 773]
Event: 3.000 Thread 0x000002aa45d39800 Exception <a 'java/lang/NoSuchMethodError'{0x000000074b2d1078}: 'java.lang.Object java.lang.invoke.Invokers$Holder.linkToTargetMethod(java.lang.Object, int, java.lang.Object)'> (0x000000074b2d1078) thrown at [./src/hotspot/share/interpreter/linkResolver.cpp, line 773]
Event: 3.088 Thread 0x000002aa45d39800 Exception <a 'java/lang/NoSuchMethodError'{0x000000074ae1e890}: 'java.lang.Object java.lang.invoke.DirectMethodHandle$Holder.invokeStatic(java.lang.Object, java.lang.Object, java.lang.Object, int)'> (0x000000074ae1e890) thrown at [./src/hotspot/share/interpreter/linkResolver.cpp, line 773]
Event: 3.089 Thread 0x000002aa45d39800 Exception <a 'java/lang/NoSuchMethodError'{0x000000074ae22500}: 'java.lang.Object java.lang.invoke.DirectMethodHandle$Holder.invokeSpecial(java.lang.Object, java.lang.Object, java.lang.Object, java.lang.Object, int)'> (0x000000074ae22500) thrown at [./src/hotspot/share/interpreter/linkResolver.cpp, line 773]
Event: 3.089 Thread 0x000002aa45d39800 Exception <a 'java/lang/NoSuchMethodError'{0x000000074ae25810}: 'java.lang.Object java.lang.invoke.Invokers$Holder.linkToTargetMethod(java.lang.Object, java.lang.Object, int, java.lang.Object)'> (0x000000074ae25810) thrown at [./src/hotspot/share/interpreter/linkResolver.cpp, line 773]
Event: 4.132 Thread 0x000002aa45d39800 Exception <a 'java/lang/NoSuchMethodError'{0x000000074a825678}: 'java.lang.Object java.lang.invoke.DirectMethodHandle$Holder.invokeStaticInit(java.lang.Object, java.lang.Object, java.lang.Object)'> (0x000000074a825678) thrown at [./src/hotspot/share/interpreter/linkResolver.cpp, line 773]
Event: 4.777 Thread 0x000002aa45d39800 Exception <a 'java/lang/NoSuchMethodError'{0x000000074ef92510}: 'int java.lang.invoke.DirectMethodHandle$Holder.invokeInterface(java.lang.Object, java.lang.Object)'> (0x000000074ef92510) thrown at [./src/hotspot/share/interpreter/linkResolver.cpp, line 773]
Event: 4.989 Thread 0x000002aa45d39800 Exception <a 'java/lang/NoSuchMethodError'{0x000000074d322c40}: 'java.lang.Object java.lang.invoke.Invokers$Holder.linkToTargetMethod(java.lang.Object, java.lang.Object, java.lang.Object, int, int, java.lang.Object)'> (0x000000074d322c40) thrown at [./src/hotspot/share/interpreter/linkResolver.cpp, line 773]
Event: 5.001 Thread 0x000002aa45d39800 Exception <a 'java/lang/NoSuchMethodError'{0x000000074d389bb8}: 'java.lang.Object java.lang.invoke.Invokers$Holder.linkToTargetMethod(java.lang.Object, java.lang.Object, java.lang.Object, java.lang.Object, java.lang.Object, java.lang.Object)'> (0x000000074d389bb8) thrown at [./src/hotspot/share/interpreter/linkResolver.cpp, line 773]
Event: 5.116 Thread 0x000002aa45d39800 Implicit null exception at 0x000002aa52c0354c to 0x000002aa52c03634
Event: 5.273 Thread 0x000002aa45d39800 Exception <a 'java/lang/NoSuchMethodError'{0x000000074c2585b0}: 'int java.lang.invoke.DirectMethodHandle$Holder.invokeStaticInit(java.lang.Object, int)'> (0x000000074c2585b0) thrown at [./src/hotspot/share/interpreter/linkResolver.cpp, line 773]
Event: 5.292 Thread 0x000002aa45d39800 Implicit null exception at 0x000002aa52bd2543 to 0x000002aa52bd26c8
Event: 5.292 Thread 0x000002aa45d39800 Implicit null exception at 0x000002aa52b1ab78 to 0x000002aa52b1ac0a

Events (20 events):
Event: 5.288 loading class org/jetbrains/kotlin/types/expressions/ExpressionTypingServices$EffectsFilteringTrace
Event: 5.288 loading class org/jetbrains/kotlin/types/expressions/ExpressionTypingServices$EffectsFilteringTrace done
Event: 5.288 loading class org/jetbrains/kotlin/resolve/AbstractFilteringTrace
Event: 5.288 loading class org/jetbrains/kotlin/resolve/AbstractFilteringTrace done
Event: 5.290 loading class org/jetbrains/kotlin/resolve/calls/tasks/TracingStrategy$1
Event: 5.290 loading class org/jetbrains/kotlin/resolve/calls/tasks/TracingStrategy$1 done
Event: 5.291 loading class org/jetbrains/kotlin/resolve/calls/model/ResolvedCallImpl
Event: 5.291 loading class org/jetbrains/kotlin/resolve/calls/model/ResolvedCallImpl done
Event: 5.293 loading class org/jetbrains/kotlin/types/expressions/LabelResolver$LabeledReceiverResolutionResult
Event: 5.293 loading class org/jetbrains/kotlin/types/expressions/LabelResolver$LabeledReceiverResolutionResult done
Event: 5.294 loading class org/jetbrains/kotlin/types/expressions/LabelResolver$LabeledReceiverResolutionResult$Companion
Event: 5.294 loading class org/jetbrains/kotlin/types/expressions/LabelResolver$LabeledReceiverResolutionResult$Companion done
Event: 5.294 loading class org/jetbrains/kotlin/types/expressions/LabelResolver$LabeledReceiverResolutionResult$Code
Event: 5.294 loading class org/jetbrains/kotlin/types/expressions/LabelResolver$LabeledReceiverResolutionResult$Code done
Event: 5.298 loading class org/jetbrains/kotlin/types/expressions/BasicExpressionTypingVisitor$1
Event: 5.298 loading class org/jetbrains/kotlin/types/expressions/BasicExpressionTypingVisitor$1 done
Event: 5.298 loading class org/jetbrains/kotlin/resolve/scopes/receivers/ExpressionReceiver$Companion$ThisExpressionClassReceiver
Event: 5.298 loading class org/jetbrains/kotlin/resolve/scopes/receivers/ExpressionReceiver$Companion$ThisExpressionClassReceiver done
Event: 5.301 loading class org/jetbrains/kotlin/resolve/calls/components/ResolutionPartsKt$resolveKotlinArgument$1
Event: 5.301 loading class org/jetbrains/kotlin/resolve/calls/components/ResolutionPartsKt$resolveKotlinArgument$1 done


Dynamic libraries:
0x00007ff6c63c0000 - 0x00007ff6c63ca000 	F:\android\jre\bin\java.exe
0x00007ff980b50000 - 0x00007ff980d45000 	C:\Windows\SYSTEM32\ntdll.dll
0x00007ff97f9d0000 - 0x00007ff97fa8e000 	C:\Windows\System32\KERNEL32.DLL
0x00007ff97e4a0000 - 0x00007ff97e768000 	C:\Windows\System32\KERNELBASE.dll
0x00007ff9655e0000 - 0x00007ff9655f7000 	F:\android\jre\bin\VCRUNTIME140.dll
0x00007ff97e770000 - 0x00007ff97e870000 	C:\Windows\System32\ucrtbase.dll
0x00007ff965630000 - 0x00007ff965649000 	F:\android\jre\bin\jli.dll
0x00007ff97f270000 - 0x00007ff97f411000 	C:\Windows\System32\USER32.dll
0x00007ff9719c0000 - 0x00007ff971c5a000 	C:\Windows\WinSxS\amd64_microsoft.windows.common-controls_6595b64144ccf1df_6.0.19041.1110_none_60b5254171f9507e\COMCTL32.dll
0x00007ff97e9d0000 - 0x00007ff97e9f2000 	C:\Windows\System32\win32u.dll
0x00007ff97f900000 - 0x00007ff97f99e000 	C:\Windows\System32\msvcrt.dll
0x00007ff97f9a0000 - 0x00007ff97f9cb000 	C:\Windows\System32\GDI32.dll
0x00007ff97e870000 - 0x00007ff97e97d000 	C:\Windows\System32\gdi32full.dll
0x00007ff97ea90000 - 0x00007ff97eb2d000 	C:\Windows\System32\msvcp_win.dll
0x00007ff97fcc0000 - 0x00007ff97fcf0000 	C:\Windows\System32\IMM32.DLL
0x00007ff944b40000 - 0x00007ff944bdd000 	F:\android\jre\bin\msvcp140.dll
0x00007ff92cf50000 - 0x00007ff92da1f000 	F:\android\jre\bin\server\jvm.dll
0x00007ff980930000 - 0x00007ff9809dc000 	C:\Windows\System32\ADVAPI32.dll
0x00007ff97fcf0000 - 0x00007ff97fd8b000 	C:\Windows\System32\sechost.dll
0x00007ff9809e0000 - 0x00007ff980b0a000 	C:\Windows\System32\RPCRT4.dll
0x00007ff97eb90000 - 0x00007ff97eb98000 	C:\Windows\System32\PSAPI.DLL
0x00007ff97b9d0000 - 0x00007ff97b9d9000 	C:\Windows\SYSTEM32\WSOCK32.dll
0x00007ff977d50000 - 0x00007ff977d77000 	C:\Windows\SYSTEM32\WINMM.dll
0x00007ff978df0000 - 0x00007ff978dfa000 	C:\Windows\SYSTEM32\VERSION.dll
0x00007ff9806f0000 - 0x00007ff98075b000 	C:\Windows\System32\WS2_32.dll
0x00007ff97c170000 - 0x00007ff97c182000 	C:\Windows\SYSTEM32\kernel.appcore.dll
0x00007ff95e640000 - 0x00007ff95e651000 	F:\android\jre\bin\verify.dll
0x00007ff974630000 - 0x00007ff974814000 	C:\Windows\SYSTEM32\DBGHELP.DLL
0x00007ff972240000 - 0x00007ff97226c000 	C:\Windows\SYSTEM32\dbgcore.DLL
0x00007ff97ea00000 - 0x00007ff97ea82000 	C:\Windows\System32\bcryptPrimitives.dll
0x00007ff95e610000 - 0x00007ff95e639000 	F:\android\jre\bin\java.dll
0x00007ff979d30000 - 0x00007ff979d3b000 	F:\android\jre\bin\jimage.dll
0x00007ff974980000 - 0x00007ff974998000 	F:\android\jre\bin\zip.dll
0x00007ff97fe00000 - 0x00007ff980544000 	C:\Windows\System32\SHELL32.dll
0x00007ff97c370000 - 0x00007ff97cb04000 	C:\Windows\SYSTEM32\windows.storage.dll
0x00007ff97ee40000 - 0x00007ff97f195000 	C:\Windows\System32\combase.dll
0x00007ff97dcb0000 - 0x00007ff97dcde000 	C:\Windows\SYSTEM32\Wldp.dll
0x00007ff9805e0000 - 0x00007ff98068d000 	C:\Windows\System32\SHCORE.dll
0x00007ff97fda0000 - 0x00007ff97fdf5000 	C:\Windows\System32\shlwapi.dll
0x00007ff97e1a0000 - 0x00007ff97e1bf000 	C:\Windows\SYSTEM32\profapi.dll
0x00007ff974960000 - 0x00007ff97497a000 	F:\android\jre\bin\net.dll
0x00007ff970890000 - 0x00007ff97099c000 	C:\Windows\SYSTEM32\WINHTTP.dll
0x00007ff97d990000 - 0x00007ff97d9fa000 	C:\Windows\system32\mswsock.dll
0x00007ff974940000 - 0x00007ff974954000 	F:\android\jre\bin\nio.dll

dbghelp: loaded successfully - version: 4.0.5 - missing functions: none
symbol engine: initialized successfully - sym options: 0x614 - pdb path: .;F:\android\jre\bin;C:\Windows\SYSTEM32;C:\Windows\WinSxS\amd64_microsoft.windows.common-controls_6595b64144ccf1df_6.0.19041.1110_none_60b5254171f9507e;F:\android\jre\bin\server

VM Arguments:
java_command: org.jetbrains.kotlin.cli.jvm.K2JVMCompiler @F:\StreetCourts\app\build\20211231_5481138759015641014.compiler.options
java_class_path (initial): C:\Users\tonio\.gradle\caches\modules-2\files-2.1\org.jetbrains.kotlin\kotlin-compiler-embeddable\1.5.31\cc18c29253541dc57c25c3ef514d63c7953ae1a6\kotlin-compiler-embeddable-1.5.31.jar;C:\Users\tonio\.gradle\caches\modules-2\files-2.1\org.jetbrains.kotlin\kotlin-reflect\1.5.31\1523fcd842a47da0820cea772b19c51056fec8a9\kotlin-reflect-1.5.31.jar;C:\Users\tonio\.gradle\caches\modules-2\files-2.1\org.jetbrains.kotlin\kotlin-stdlib\1.5.31\6628d61d0f5603568e72d2d5915d2c034b4f1c55\kotlin-stdlib-1.5.31.jar;C:\Users\tonio\.gradle\caches\modules-2\files-2.1\org.jetbrains.kotlin\kotlin-script-runtime\1.5.31\aaea854be2cfc06373dfc11be5a6ba9ca5ca84a6\kotlin-script-runtime-1.5.31.jar;C:\Users\tonio\.gradle\caches\modules-2\files-2.1\org.jetbrains.kotlin\kotlin-daemon-embeddable\1.5.31\d19b549661e28c62781683dc7c7e34bf416974f1\kotlin-daemon-embeddable-1.5.31.jar;C:\Users\tonio\.gradle\caches\modules-2\files-2.1\org.jetbrains.intellij.deps\trove4j\1.0.20181211\216c2e14b070f334479d800987affe4054cd563f\trove4j-1.0.20181211.jar;C:\Users\tonio\.gradle\caches\modules-2\files-2.1\org.jetbrains\annotations\13.0\919f0dfe192fb4e063e7dacadee7f8bb9a2672a9\annotations-13.0.jar;C:\Users\tonio\.gradle\caches\modules-2\files-2.1\org.jetbrains.kotlin\kotlin-stdlib-common\1.5.31\43331609c7de811fed085e0dfd150874b157c32\kotlin-stdlib-common-1.5.31.jar
Launcher Type: SUN_STANDARD

[Global flags]
     intx CICompilerCount                          = 3                                         {product} {ergonomic}
     uint ConcGCThreads                            = 1                                         {product} {ergonomic}
     uint G1ConcRefinementThreads                  = 4                                         {product} {ergonomic}
   size_t G1HeapRegionSize                         = 1048576                                   {product} {ergonomic}
    uintx GCDrainStackTargetSize                   = 64                                        {product} {ergonomic}
   size_t InitialHeapSize                          = 201326592                                 {product} {ergonomic}
   size_t MarkStackSize                            = 4194304                                   {product} {ergonomic}
   size_t MaxHeapSize                              = 3198156800                                {product} {ergonomic}
   size_t MaxNewSize                               = 1918894080                                {product} {ergonomic}
   size_t MinHeapDeltaBytes                        = 1048576                                   {product} {ergonomic}
    uintx NonNMethodCodeHeapSize                   = 5830732                                {pd product} {ergonomic}
    uintx NonProfiledCodeHeapSize                  = 122913754                              {pd product} {ergonomic}
    uintx ProfiledCodeHeapSize                     = 122913754                              {pd product} {ergonomic}
    uintx ReservedCodeCacheSize                    = 251658240                              {pd product} {ergonomic}
     bool SegmentedCodeCache                       = true                                      {product} {ergonomic}
     bool UseCompressedClassPointers               = true                                 {lp64_product} {ergonomic}
     bool UseCompressedOops                        = true                                 {lp64_product} {ergonomic}
     bool UseG1GC                                  = true                                      {product} {ergonomic}
     bool UseLargePagesIndividualAllocation        = false                                  {pd product} {ergonomic}

Logging:
Log output configuration:
 #0: stdout all=warning uptime,level,tags
 #1: stderr all=off uptime,level,tags

Environment Variables:
PATH=C:\ProgramData\Oracle\Java\javapath;C:\Windows\system32;C:\Windows;C:\Windows\System32\Wbem;C:\Windows\System32\WindowsPowerShell\v1.0\;C:\Windows\System32\OpenSSH\;C:\Program Files (x86)\NVIDIA Corporation\PhysX\Common;C:\Program Files\NVIDIA Corporation\NVIDIA NvDLISR;C:\Users\tonio\AppData\Local\Microsoft\WindowsApps;F:\Microsoft VS Code\bin
USERNAME=tonio
OS=Windows_NT
PROCESSOR_IDENTIFIER=Intel64 Family 6 Model 42 Stepping 7, GenuineIntel



---------------  S Y S T E M  ---------------

OS: Windows 10 , 64 bit Build 19041 (10.0.19041.1348)
OS uptime: 0 days 0:12 hours

CPU:total 4 (initial active 4) (4 cores per cpu, 1 threads per core) family 6 model 42 stepping 7 microcode 0x2f, cmov, cx8, fxsr, mmx, sse, sse2, sse3, ssse3, sse4.1, sse4.2, popcnt, avx, aes, clmul, tsc, tscinvbit

Memory: 4k page, system-wide physical 12199M (2464M free)
TotalPageFile size 15015M (AvailPageFile size 3197M)
current process WorkingSet (physical memory assigned to process): 318M, peak: 343M
current process commit charge ("private bytes"): 424M, peak: 449M

vm_info: OpenJDK 64-Bit Server VM (11.0.10+0-b96-7249189) for windows-amd64 JRE (11.0.10+0-b96-7249189), built on Mar 31 2021 21:44:00 by "builder" with MS VC++ 14.0 (VS2015)

END.
